0 info it worked if it ends with ok
1 verbose cli [ '/usr/local/bin/node', '/usr/local/bin/npm', 'run', 'start' ]
2 info using npm@6.14.8
3 info using node@v12.18.3
4 verbose run-script [ 'prestart', 'start', 'poststart' ]
5 info lifecycle assignment2@1.0.0~prestart: assignment2@1.0.0
6 info lifecycle assignment2@1.0.0~start: assignment2@1.0.0
7 verbose lifecycle assignment2@1.0.0~start: unsafe-perm in lifecycle true
8 verbose lifecycle assignment2@1.0.0~start: PATH: /usr/local/lib/node_modules/npm/node_modules/npm-lifecycle/node-gyp-bin:/Users/peterkoncelik/test/assignment2-petek222/node_modules/.bin:/usr/local/anaconda3/bin:/opt/anaconda3/bin:/opt/anaconda3/condabin:/usr/local/bin:/usr/bin:/bin:/usr/sbin:/sbin:/Library/TeX/texbin
9 verbose lifecycle assignment2@1.0.0~start: CWD: /Users/peterkoncelik/test/assignment2-petek222
10 silly lifecycle assignment2@1.0.0~start: Args: [ '-c', 'node ./src/server/index.js' ]
11 silly lifecycle assignment2@1.0.0~start: Returned: code: 1  signal: null
12 info lifecycle assignment2@1.0.0~start: Failed to exec start script
13 verbose stack Error: assignment2@1.0.0 start: `node ./src/server/index.js`
13 verbose stack Exit status 1
13 verbose stack     at EventEmitter.<anonymous> (/usr/local/lib/node_modules/npm/node_modules/npm-lifecycle/index.js:332:16)
13 verbose stack     at EventEmitter.emit (events.js:315:20)
13 verbose stack     at ChildProcess.<anonymous> (/usr/local/lib/node_modules/npm/node_modules/npm-lifecycle/lib/spawn.js:55:14)
13 verbose stack     at ChildProcess.emit (events.js:315:20)
13 verbose stack     at maybeClose (internal/child_process.js:1021:16)
13 verbose stack     at Process.ChildProcess._handle.onexit (internal/child_process.js:286:5)
14 verbose pkgid assignment2@1.0.0
15 verbose cwd /Users/peterkoncelik/test/assignment2-petek222
16 verbose Darwin 19.6.0
17 verbose argv "/usr/local/bin/node" "/usr/local/bin/npm" "run" "start"
18 verbose node v12.18.3
19 verbose npm  v6.14.8
20 error code ELIFECYCLE
21 error errno 1
22 error assignment2@1.0.0 start: `node ./src/server/index.js`
22 error Exit status 1
23 error Failed at the assignment2@1.0.0 start script.
23 error This is probably not a problem with npm. There is likely additional logging output above.
24 verbose exit [ 1, true ]
